<?xml version="1.0" encoding="UTF-8"?>
<testng-results ignored="0" total="1" passed="1" failed="0" skipped="0">
  <reporter-output>
  </reporter-output>
  <suite started-at="2021-10-05T12:34:49Z" name="Suite CRM Application Test Automation Test Suite" finished-at="2021-10-05T12:35:26Z" duration-ms="37524">
    <groups>
    </groups>
    <test started-at="2021-10-05T12:34:49Z" name="Suite CRM App Test Cases" finished-at="2021-10-05T12:35:26Z" duration-ms="37524">
      <class name="com.crm.qa.testcases.LoginPageTest">
        <test-method is-config="true" signature="setUp()[pri:0, instance:com.crm.qa.testcases.LoginPageTest@561b6512]" started-at="2021-10-05T18:04:49Z" name="setUp" finished-at="2021-10-05T18:05:01Z" duration-ms="12403" status="PASS">
          <reporter-output>
          </reporter-output>
        </test-method> <!-- setUp -->
        <test-method signature="loginTest()[pri:1, instance:com.crm.qa.testcases.LoginPageTest@561b6512]" started-at="2021-10-05T18:05:01Z" name="loginTest" finished-at="2021-10-05T18:05:25Z" duration-ms="24419" status="PASS">
          <reporter-output>
          </reporter-output>
        </test-method> <!-- loginTest -->
        <test-method is-config="true" signature="tearDown()[pri:0, instance:com.crm.qa.testcases.LoginPageTest@561b6512]" started-at="2021-10-05T18:05:25Z" name="tearDown" finished-at="2021-10-05T18:05:26Z" duration-ms="681" status="PASS">
          <reporter-output>
          </reporter-output>
        </test-method> <!-- tearDown -->
      </class> <!-- com.crm.qa.testcases.LoginPageTest -->
    </test> <!-- Suite CRM App Test Cases -->
  </suite> <!-- Suite CRM Application Test Automation Test Suite -->
</testng-results>
