<?xml version="1.0" encoding="UTF-8"?>
<testng-results ignored="0" total="1" passed="1" failed="0" skipped="0">
  <reporter-output>
  </reporter-output>
  <suite started-at="2021-09-29T14:27:30Z" name="Suite CRM Application Test Automation Test Suite" finished-at="2021-09-29T14:28:07Z" duration-ms="36254">
    <groups>
    </groups>
    <test started-at="2021-09-29T14:27:30Z" name="Suite CRM App Test Cases" finished-at="2021-09-29T14:28:07Z" duration-ms="36254">
      <class name="com.crm.qa.testcases.LoginPageTest">
        <test-method is-config="true" signature="setUp()[pri:0, instance:com.crm.qa.testcases.LoginPageTest@561b6512]" started-at="2021-09-29T19:57:30Z" name="setUp" finished-at="2021-09-29T19:57:38Z" duration-ms="7890" status="PASS">
          <reporter-output>
          </reporter-output>
        </test-method> <!-- setUp -->
        <test-method signature="loginTest()[pri:1, instance:com.crm.qa.testcases.LoginPageTest@561b6512]" started-at="2021-09-29T19:57:38Z" name="loginTest" finished-at="2021-09-29T19:58:06Z" duration-ms="27357" status="PASS">
          <reporter-output>
          </reporter-output>
        </test-method> <!-- loginTest -->
        <test-method is-config="true" signature="tearDown()[pri:0, instance:com.crm.qa.testcases.LoginPageTest@561b6512]" started-at="2021-09-29T19:58:06Z" name="tearDown" finished-at="2021-09-29T19:58:07Z" duration-ms="978" status="PASS">
          <reporter-output>
          </reporter-output>
        </test-method> <!-- tearDown -->
      </class> <!-- com.crm.qa.testcases.LoginPageTest -->
    </test> <!-- Suite CRM App Test Cases -->
  </suite> <!-- Suite CRM Application Test Automation Test Suite -->
</testng-results>
